-------------------------------------------------------------------------------
Test set: com.catalouge.service.WatchCatalougeApplicationTests
-------------------------------------------------------------------------------
Tests run: 1, Failures: 0, Errors: 1, Skipped: 0, Time elapsed: 5.892 s <<< FAILURE! - in com.catalouge.service.WatchCatalougeApplicationTests
test  Time elapsed: 0 s  <<< ERROR!
java.lang.NoSuchMethodError: 'java.lang.AutoCloseable org.mockito.MockitoAnnotations.openMocks(java.lang.Object)'

